<?xml version="1.0" encoding="UTF-8"?>
<testsuites name="jest tests" tests="7" failures="0" errors="0" time="12.734">
  <testsuite name="register" errors="0" failures="0" skipped="0" timestamp="2024-07-14T18:23:47" time="8.841" tests="1">
    <testcase classname="register should register a user successfully" name="register should register a user successfully" time="0.032">
    </testcase>
  </testsuite>
  <testsuite name="API functions" errors="0" failures="0" skipped="0" timestamp="2024-07-14T18:23:47" time="8.801" tests="3">
    <testcase classname="API functions GrammarRequest should return a mistake and correct question" name="API functions GrammarRequest should return a mistake and correct question" time="0.023">
    </testcase>
    <testcase classname="API functions OpenQuestionsRequest should return a paragraph, question, answers, and correctAnswer" name="API functions OpenQuestionsRequest should return a paragraph, question, answers, and correctAnswer" time="0.002">
    </testcase>
    <testcase classname="API functions vocabularyRequest should return words and their translations" name="API functions vocabularyRequest should return words and their translations" time="0.001">
    </testcase>
  </testsuite>
  <testsuite name="login" errors="0" failures="0" skipped="0" timestamp="2024-07-14T18:23:47" time="11.882" tests="3">
    <testcase classname="login should login a user successfully and redirect based on role" name="login should login a user successfully and redirect based on role" time="0.02">
    </testcase>
    <testcase classname="login should return error for invalid fields" name="login should return error for invalid fields" time="0.002">
    </testcase>
    <testcase classname="login should return error for non-existing user" name="login should return error for non-existing user" time="0.003">
    </testcase>
  </testsuite>
</testsuites>